;  LST file generated by mikroListExporter - v.2.0 
; Date/Time: 22/04/2020 08:26:01
;----------------------------------------------

;Address Opcode 	ASM
0x0000	0xF001EF4E  	GOTO        668
0x0004	0x0000      	NOP
0x0006	0x0000      	NOP
0x0008	0xF000EF00  	GOTO        0
0x000C	0x0000      	NOP
0x000E	0x0000      	NOP
0x0010	0x0000      	NOP
0x0012	0x0000      	NOP
0x0014	0x0000      	NOP
0x0016	0x0000      	NOP
0x0018	0xD7F3      	BRA         0
_SPI1_Write:
;__Lib_SPI_c345.c,78 :: 		
;__Lib_SPI_c345.c,81 :: 		
0x001C	0xFFC9C021  	MOVFF       FARG_SPI1_Write_data_, SSPBUF
;__Lib_SPI_c345.c,82 :: 		
L_SPI1_Write8:
0x0020	0xB0C7      	BTFSC       SSPSTAT, 0 
0x0022	0xD002      	BRA         L_SPI1_Write9
;__Lib_SPI_c345.c,83 :: 		
0x0024	0x0000      	NOP
0x0026	0xD7FC      	BRA         L_SPI1_Write8
L_SPI1_Write9:
;__Lib_SPI_c345.c,84 :: 		
0x0028	0xF000CFC9  	MOVFF       SSPBUF, R0
;__Lib_SPI_c345.c,86 :: 		
L_end_SPI1_Write:
0x002C	0x0012      	RETURN      0
; end of _SPI1_Write
_writeSPI:
;T4a20ma.c,15 :: 		void writeSPI() {
;T4a20ma.c,19 :: 		Chip_Select = 0;                                                           // Escrita no SPI por meio dos registradores
0x002E	0x9082      	BCF         RC0_bit, BitPos(RC0_bit+0) 
;T4a20ma.c,20 :: 		SSPBUF = 0b00110000; while(pir1.sspif==0) { } pir1.sspif=0;
0x0030	0x0E30      	MOVLW       48
0x0032	0x6EC9      	MOVWF       SSPBUF 
L_writeSPI0:
0x0034	0xB69E      	BTFSC       PIR1, 3 
0x0036	0xD001      	BRA         L_writeSPI1
0x0038	0xD7FD      	BRA         L_writeSPI0
L_writeSPI1:
0x003A	0x969E      	BCF         PIR1, 3 
;T4a20ma.c,21 :: 		SSPBUF = 0b00000000; while(pir1.sspif==0) { } pir1.sspif=0;
0x003C	0x6AC9      	CLRF        SSPBUF 
L_writeSPI2:
0x003E	0xB69E      	BTFSC       PIR1, 3 
0x0040	0xD001      	BRA         L_writeSPI3
0x0042	0xD7FD      	BRA         L_writeSPI2
L_writeSPI3:
0x0044	0x969E      	BCF         PIR1, 3 
;T4a20ma.c,22 :: 		SPI1_Write(0b00110000);
0x0046	0x0E30      	MOVLW       48
0x0048	0x6E21      	MOVWF       FARG_SPI1_Write_data_ 
0x004A	0xDFE8      	RCALL       _SPI1_Write
;T4a20ma.c,23 :: 		SPI1_Write(0b00000000);
0x004C	0x6A21      	CLRF        FARG_SPI1_Write_data_ 
0x004E	0xDFE6      	RCALL       _SPI1_Write
;T4a20ma.c,24 :: 		Chip_Select = 1;
0x0050	0x8082      	BSF         RC0_bit, BitPos(RC0_bit+0) 
;T4a20ma.c,25 :: 		delay_ms(100);
0x0052	0x0E82      	MOVLW       130
0x0054	0x6E0C      	MOVWF       R12, 0
0x0056	0x0EDD      	MOVLW       221
0x0058	0x6E0D      	MOVWF       R13, 0
L_writeSPI4:
0x005A	0x2E0D      	DECFSZ      R13, 1, 0
0x005C	0xD7FE      	BRA         L_writeSPI4
0x005E	0x2E0C      	DECFSZ      R12, 1, 0
0x0060	0xD7FC      	BRA         L_writeSPI4
0x0062	0x0000      	NOP
0x0064	0x0000      	NOP
;T4a20ma.c,29 :: 		Chip_Select = 0;                                                           // Alto
0x0066	0x9082      	BCF         RC0_bit, BitPos(RC0_bit+0) 
;T4a20ma.c,30 :: 		SPI1_Write(0b00111111);
0x0068	0x0E3F      	MOVLW       63
0x006A	0x6E21      	MOVWF       FARG_SPI1_Write_data_ 
0x006C	0xDFD7      	RCALL       _SPI1_Write
;T4a20ma.c,31 :: 		SPI1_Write(0b10101100);
0x006E	0x0EAC      	MOVLW       172
0x0070	0x6E21      	MOVWF       FARG_SPI1_Write_data_ 
0x0072	0xDFD4      	RCALL       _SPI1_Write
;T4a20ma.c,32 :: 		Chip_Select = 1;
0x0074	0x8082      	BSF         RC0_bit, BitPos(RC0_bit+0) 
;T4a20ma.c,33 :: 		delay_ms(100);
0x0076	0x0E82      	MOVLW       130
0x0078	0x6E0C      	MOVWF       R12, 0
0x007A	0x0EDD      	MOVLW       221
0x007C	0x6E0D      	MOVWF       R13, 0
L_writeSPI5:
0x007E	0x2E0D      	DECFSZ      R13, 1, 0
0x0080	0xD7FE      	BRA         L_writeSPI5
0x0082	0x2E0C      	DECFSZ      R12, 1, 0
0x0084	0xD7FC      	BRA         L_writeSPI5
0x0086	0x0000      	NOP
0x0088	0x0000      	NOP
;T4a20ma.c,36 :: 		Chip_Select = 0;                                                           // Alto
0x008A	0x9082      	BCF         RC0_bit, BitPos(RC0_bit+0) 
;T4a20ma.c,37 :: 		SPI1_Write(0x30);
0x008C	0x0E30      	MOVLW       48
0x008E	0x6E21      	MOVWF       FARG_SPI1_Write_data_ 
0x0090	0xDFC5      	RCALL       _SPI1_Write
;T4a20ma.c,38 :: 		SPI1_Write(0x00);
0x0092	0x6A21      	CLRF        FARG_SPI1_Write_data_ 
0x0094	0xDFC3      	RCALL       _SPI1_Write
;T4a20ma.c,39 :: 		Chip_Select = 1;
0x0096	0x8082      	BSF         RC0_bit, BitPos(RC0_bit+0) 
;T4a20ma.c,40 :: 		delay_ms(100);
0x0098	0x0E82      	MOVLW       130
0x009A	0x6E0C      	MOVWF       R12, 0
0x009C	0x0EDD      	MOVLW       221
0x009E	0x6E0D      	MOVWF       R13, 0
L_writeSPI6:
0x00A0	0x2E0D      	DECFSZ      R13, 1, 0
0x00A2	0xD7FE      	BRA         L_writeSPI6
0x00A4	0x2E0C      	DECFSZ      R12, 1, 0
0x00A6	0xD7FC      	BRA         L_writeSPI6
0x00A8	0x0000      	NOP
0x00AA	0x0000      	NOP
;T4a20ma.c,42 :: 		Chip_Select = 0;                                                           // Alto
0x00AC	0x9082      	BCF         RC0_bit, BitPos(RC0_bit+0) 
;T4a20ma.c,43 :: 		SPI1_Write(0x30);
0x00AE	0x0E30      	MOVLW       48
0x00B0	0x6E21      	MOVWF       FARG_SPI1_Write_data_ 
0x00B2	0xDFB4      	RCALL       _SPI1_Write
;T4a20ma.c,44 :: 		SPI1_Write(0xFF);
0x00B4	0x0EFF      	MOVLW       255
0x00B6	0x6E21      	MOVWF       FARG_SPI1_Write_data_ 
0x00B8	0xDFB1      	RCALL       _SPI1_Write
;T4a20ma.c,45 :: 		Chip_Select = 1;
0x00BA	0x8082      	BSF         RC0_bit, BitPos(RC0_bit+0) 
;T4a20ma.c,46 :: 		delay_ms(100);
0x00BC	0x0E82      	MOVLW       130
0x00BE	0x6E0C      	MOVWF       R12, 0
0x00C0	0x0EDD      	MOVLW       221
0x00C2	0x6E0D      	MOVWF       R13, 0
L_writeSPI7:
0x00C4	0x2E0D      	DECFSZ      R13, 1, 0
0x00C6	0xD7FE      	BRA         L_writeSPI7
0x00C8	0x2E0C      	DECFSZ      R12, 1, 0
0x00CA	0xD7FC      	BRA         L_writeSPI7
0x00CC	0x0000      	NOP
0x00CE	0x0000      	NOP
;T4a20ma.c,48 :: 		Chip_Select = 0;                                                           // Quase alto
0x00D0	0x9082      	BCF         RC0_bit, BitPos(RC0_bit+0) 
;T4a20ma.c,49 :: 		SPI1_Write(0x31);
0x00D2	0x0E31      	MOVLW       49
0x00D4	0x6E21      	MOVWF       FARG_SPI1_Write_data_ 
0x00D6	0xDFA2      	RCALL       _SPI1_Write
;T4a20ma.c,50 :: 		SPI1_Write(0x80);
0x00D8	0x0E80      	MOVLW       128
0x00DA	0x6E21      	MOVWF       FARG_SPI1_Write_data_ 
0x00DC	0xDF9F      	RCALL       _SPI1_Write
;T4a20ma.c,51 :: 		Chip_Select = 1;
0x00DE	0x8082      	BSF         RC0_bit, BitPos(RC0_bit+0) 
;T4a20ma.c,52 :: 		delay_ms(100);
0x00E0	0x0E82      	MOVLW       130
0x00E2	0x6E0C      	MOVWF       R12, 0
0x00E4	0x0EDD      	MOVLW       221
0x00E6	0x6E0D      	MOVWF       R13, 0
L_writeSPI8:
0x00E8	0x2E0D      	DECFSZ      R13, 1, 0
0x00EA	0xD7FE      	BRA         L_writeSPI8
0x00EC	0x2E0C      	DECFSZ      R12, 1, 0
0x00EE	0xD7FC      	BRA         L_writeSPI8
0x00F0	0x0000      	NOP
0x00F2	0x0000      	NOP
;T4a20ma.c,54 :: 		Chip_Select = 0;                                                           // Quase meio
0x00F4	0x9082      	BCF         RC0_bit, BitPos(RC0_bit+0) 
;T4a20ma.c,55 :: 		SPI1_Write(0x31);
0x00F6	0x0E31      	MOVLW       49
0x00F8	0x6E21      	MOVWF       FARG_SPI1_Write_data_ 
0x00FA	0xDF90      	RCALL       _SPI1_Write
;T4a20ma.c,56 :: 		SPI1_Write(0xFF);
0x00FC	0x0EFF      	MOVLW       255
0x00FE	0x6E21      	MOVWF       FARG_SPI1_Write_data_ 
0x0100	0xDF8D      	RCALL       _SPI1_Write
;T4a20ma.c,57 :: 		Chip_Select = 1;
0x0102	0x8082      	BSF         RC0_bit, BitPos(RC0_bit+0) 
;T4a20ma.c,58 :: 		delay_ms(100);
0x0104	0x0E82      	MOVLW       130
0x0106	0x6E0C      	MOVWF       R12, 0
0x0108	0x0EDD      	MOVLW       221
0x010A	0x6E0D      	MOVWF       R13, 0
L_writeSPI9:
0x010C	0x2E0D      	DECFSZ      R13, 1, 0
0x010E	0xD7FE      	BRA         L_writeSPI9
0x0110	0x2E0C      	DECFSZ      R12, 1, 0
0x0112	0xD7FC      	BRA         L_writeSPI9
0x0114	0x0000      	NOP
0x0116	0x0000      	NOP
;T4a20ma.c,60 :: 		Chip_Select = 0;                                                           // Abaixo do meio
0x0118	0x9082      	BCF         RC0_bit, BitPos(RC0_bit+0) 
;T4a20ma.c,61 :: 		SPI1_Write(0x32);
0x011A	0x0E32      	MOVLW       50
0x011C	0x6E21      	MOVWF       FARG_SPI1_Write_data_ 
0x011E	0xDF7E      	RCALL       _SPI1_Write
;T4a20ma.c,62 :: 		SPI1_Write(0xFF);
0x0120	0x0EFF      	MOVLW       255
0x0122	0x6E21      	MOVWF       FARG_SPI1_Write_data_ 
0x0124	0xDF7B      	RCALL       _SPI1_Write
;T4a20ma.c,63 :: 		Chip_Select = 1;
0x0126	0x8082      	BSF         RC0_bit, BitPos(RC0_bit+0) 
;T4a20ma.c,64 :: 		delay_ms(100);
0x0128	0x0E82      	MOVLW       130
0x012A	0x6E0C      	MOVWF       R12, 0
0x012C	0x0EDD      	MOVLW       221
0x012E	0x6E0D      	MOVWF       R13, 0
L_writeSPI10:
0x0130	0x2E0D      	DECFSZ      R13, 1, 0
0x0132	0xD7FE      	BRA         L_writeSPI10
0x0134	0x2E0C      	DECFSZ      R12, 1, 0
0x0136	0xD7FC      	BRA         L_writeSPI10
0x0138	0x0000      	NOP
0x013A	0x0000      	NOP
;T4a20ma.c,66 :: 		Chip_Select = 0;                                                           // Baixo
0x013C	0x9082      	BCF         RC0_bit, BitPos(RC0_bit+0) 
;T4a20ma.c,67 :: 		SPI1_Write(0x3F);
0x013E	0x0E3F      	MOVLW       63
0x0140	0x6E21      	MOVWF       FARG_SPI1_Write_data_ 
0x0142	0xDF6C      	RCALL       _SPI1_Write
;T4a20ma.c,68 :: 		SPI1_Write(0xFF);
0x0144	0x0EFF      	MOVLW       255
0x0146	0x6E21      	MOVWF       FARG_SPI1_Write_data_ 
0x0148	0xDF69      	RCALL       _SPI1_Write
;T4a20ma.c,69 :: 		Chip_Select = 1;
0x014A	0x8082      	BSF         RC0_bit, BitPos(RC0_bit+0) 
;T4a20ma.c,70 :: 		delay_ms(100);
0x014C	0x0E82      	MOVLW       130
0x014E	0x6E0C      	MOVWF       R12, 0
0x0150	0x0EDD      	MOVLW       221
0x0152	0x6E0D      	MOVWF       R13, 0
L_writeSPI11:
0x0154	0x2E0D      	DECFSZ      R13, 1, 0
0x0156	0xD7FE      	BRA         L_writeSPI11
0x0158	0x2E0C      	DECFSZ      R12, 1, 0
0x015A	0xD7FC      	BRA         L_writeSPI11
0x015C	0x0000      	NOP
0x015E	0x0000      	NOP
;T4a20ma.c,75 :: 		Chip_Select = 0;                                                           // Abaixo do meio
0x0160	0x9082      	BCF         RC0_bit, BitPos(RC0_bit+0) 
;T4a20ma.c,76 :: 		SPI1_Write(0x32);
0x0162	0x0E32      	MOVLW       50
0x0164	0x6E21      	MOVWF       FARG_SPI1_Write_data_ 
0x0166	0xDF5A      	RCALL       _SPI1_Write
;T4a20ma.c,77 :: 		SPI1_Write(0xFF);
0x0168	0x0EFF      	MOVLW       255
0x016A	0x6E21      	MOVWF       FARG_SPI1_Write_data_ 
0x016C	0xDF57      	RCALL       _SPI1_Write
;T4a20ma.c,78 :: 		Chip_Select = 1;
0x016E	0x8082      	BSF         RC0_bit, BitPos(RC0_bit+0) 
;T4a20ma.c,79 :: 		delay_ms(100);
0x0170	0x0E82      	MOVLW       130
0x0172	0x6E0C      	MOVWF       R12, 0
0x0174	0x0EDD      	MOVLW       221
0x0176	0x6E0D      	MOVWF       R13, 0
L_writeSPI12:
0x0178	0x2E0D      	DECFSZ      R13, 1, 0
0x017A	0xD7FE      	BRA         L_writeSPI12
0x017C	0x2E0C      	DECFSZ      R12, 1, 0
0x017E	0xD7FC      	BRA         L_writeSPI12
0x0180	0x0000      	NOP
0x0182	0x0000      	NOP
;T4a20ma.c,81 :: 		Chip_Select = 0;                                                           // Quase meio
0x0184	0x9082      	BCF         RC0_bit, BitPos(RC0_bit+0) 
;T4a20ma.c,82 :: 		SPI1_Write(0x31);
0x0186	0x0E31      	MOVLW       49
0x0188	0x6E21      	MOVWF       FARG_SPI1_Write_data_ 
0x018A	0xDF48      	RCALL       _SPI1_Write
;T4a20ma.c,83 :: 		SPI1_Write(0xFF);
0x018C	0x0EFF      	MOVLW       255
0x018E	0x6E21      	MOVWF       FARG_SPI1_Write_data_ 
0x0190	0xDF45      	RCALL       _SPI1_Write
;T4a20ma.c,84 :: 		Chip_Select = 1;
0x0192	0x8082      	BSF         RC0_bit, BitPos(RC0_bit+0) 
;T4a20ma.c,85 :: 		delay_ms(100);
0x0194	0x0E82      	MOVLW       130
0x0196	0x6E0C      	MOVWF       R12, 0
0x0198	0x0EDD      	MOVLW       221
0x019A	0x6E0D      	MOVWF       R13, 0
L_writeSPI13:
0x019C	0x2E0D      	DECFSZ      R13, 1, 0
0x019E	0xD7FE      	BRA         L_writeSPI13
0x01A0	0x2E0C      	DECFSZ      R12, 1, 0
0x01A2	0xD7FC      	BRA         L_writeSPI13
0x01A4	0x0000      	NOP
0x01A6	0x0000      	NOP
;T4a20ma.c,87 :: 		Chip_Select = 0;                                                           // Quase alto
0x01A8	0x9082      	BCF         RC0_bit, BitPos(RC0_bit+0) 
;T4a20ma.c,88 :: 		SPI1_Write(0x31);
0x01AA	0x0E31      	MOVLW       49
0x01AC	0x6E21      	MOVWF       FARG_SPI1_Write_data_ 
0x01AE	0xDF36      	RCALL       _SPI1_Write
;T4a20ma.c,89 :: 		SPI1_Write(0x80);
0x01B0	0x0E80      	MOVLW       128
0x01B2	0x6E21      	MOVWF       FARG_SPI1_Write_data_ 
0x01B4	0xDF33      	RCALL       _SPI1_Write
;T4a20ma.c,90 :: 		Chip_Select = 1;
0x01B6	0x8082      	BSF         RC0_bit, BitPos(RC0_bit+0) 
;T4a20ma.c,91 :: 		delay_ms(100);
0x01B8	0x0E82      	MOVLW       130
0x01BA	0x6E0C      	MOVWF       R12, 0
0x01BC	0x0EDD      	MOVLW       221
0x01BE	0x6E0D      	MOVWF       R13, 0
L_writeSPI14:
0x01C0	0x2E0D      	DECFSZ      R13, 1, 0
0x01C2	0xD7FE      	BRA         L_writeSPI14
0x01C4	0x2E0C      	DECFSZ      R12, 1, 0
0x01C6	0xD7FC      	BRA         L_writeSPI14
0x01C8	0x0000      	NOP
0x01CA	0x0000      	NOP
;T4a20ma.c,93 :: 		for(x = 48; x < 255; x++) {                                                // Estrutura de repetição para onda senóide (subida)
0x01CC	0x0E30      	MOVLW       48
0x01CE	0x6E1D      	MOVWF       writeSPI_x_L0 
0x01D0	0x0E00      	MOVLW       0
0x01D2	0x6E1E      	MOVWF       writeSPI_x_L0+1 
L_writeSPI15:
0x01D4	0x0E80      	MOVLW       128
0x01D6	0x181E      	XORWF       writeSPI_x_L0+1, 0 
0x01D8	0x6E00      	MOVWF       R0 
0x01DA	0x0E80      	MOVLW       128
0x01DC	0x5C00      	SUBWF       R0, 0 
0x01DE	0xE102      	BNZ         L__writeSPI32
0x01E0	0x0EFF      	MOVLW       255
0x01E2	0x5C1D      	SUBWF       writeSPI_x_L0, 0 
L__writeSPI32:
0x01E4	0xE217      	BC          L_writeSPI16
;T4a20ma.c,94 :: 		for(y = 0; y < 255; y++) {
0x01E6	0x6A1F      	CLRF        writeSPI_y_L0 
0x01E8	0x6A20      	CLRF        writeSPI_y_L0+1 
L_writeSPI18:
0x01EA	0x0E80      	MOVLW       128
0x01EC	0x1820      	XORWF       writeSPI_y_L0+1, 0 
0x01EE	0x6E00      	MOVWF       R0 
0x01F0	0x0E80      	MOVLW       128
0x01F2	0x5C00      	SUBWF       R0, 0 
0x01F4	0xE102      	BNZ         L__writeSPI33
0x01F6	0x0EFF      	MOVLW       255
0x01F8	0x5C1F      	SUBWF       writeSPI_y_L0, 0 
L__writeSPI33:
0x01FA	0xE209      	BC          L_writeSPI19
;T4a20ma.c,96 :: 		SPI1_Write(x);
0x01FC	0xF021C01D  	MOVFF       writeSPI_x_L0, FARG_SPI1_Write_data_
0x0200	0xDF0D      	RCALL       _SPI1_Write
;T4a20ma.c,97 :: 		SPI1_Write(y);
0x0202	0xF021C01F  	MOVFF       writeSPI_y_L0, FARG_SPI1_Write_data_
0x0206	0xDF0A      	RCALL       _SPI1_Write
;T4a20ma.c,94 :: 		for(y = 0; y < 255; y++) {
0x0208	0x4A1F      	INFSNZ      writeSPI_y_L0, 1 
0x020A	0x2A20      	INCF        writeSPI_y_L0+1, 1 
;T4a20ma.c,100 :: 		}
0x020C	0xD7EE      	BRA         L_writeSPI18
L_writeSPI19:
;T4a20ma.c,93 :: 		for(x = 48; x < 255; x++) {                                                // Estrutura de repetição para onda senóide (subida)
0x020E	0x4A1D      	INFSNZ      writeSPI_x_L0, 1 
0x0210	0x2A1E      	INCF        writeSPI_x_L0+1, 1 
;T4a20ma.c,101 :: 		}
0x0212	0xD7E0      	BRA         L_writeSPI15
L_writeSPI16:
;T4a20ma.c,103 :: 		for(x = 255; x > 48; x--) {                                                // Estrutura de repetição para onda senóide (descida)
0x0214	0x0EFF      	MOVLW       255
0x0216	0x6E1D      	MOVWF       writeSPI_x_L0 
0x0218	0x0E00      	MOVLW       0
0x021A	0x6E1E      	MOVWF       writeSPI_x_L0+1 
L_writeSPI21:
0x021C	0x0E80      	MOVLW       128
0x021E	0x6E00      	MOVWF       R0 
0x0220	0x0E80      	MOVLW       128
0x0222	0x181E      	XORWF       writeSPI_x_L0+1, 0 
0x0224	0x5C00      	SUBWF       R0, 0 
0x0226	0xE102      	BNZ         L__writeSPI34
0x0228	0x501D      	MOVF        writeSPI_x_L0, 0 
0x022A	0x0830      	SUBLW       48
L__writeSPI34:
0x022C	0xE21D      	BC          L_writeSPI22
;T4a20ma.c,104 :: 		for(y = 255; y > 0; y--) {
0x022E	0x0EFF      	MOVLW       255
0x0230	0x6E1F      	MOVWF       writeSPI_y_L0 
0x0232	0x0E00      	MOVLW       0
0x0234	0x6E20      	MOVWF       writeSPI_y_L0+1 
L_writeSPI24:
0x0236	0x0E80      	MOVLW       128
0x0238	0x6E00      	MOVWF       R0 
0x023A	0x0E80      	MOVLW       128
0x023C	0x1820      	XORWF       writeSPI_y_L0+1, 0 
0x023E	0x5C00      	SUBWF       R0, 0 
0x0240	0xE102      	BNZ         L__writeSPI35
0x0242	0x501F      	MOVF        writeSPI_y_L0, 0 
0x0244	0x0800      	SUBLW       0
L__writeSPI35:
0x0246	0xE20B      	BC          L_writeSPI25
;T4a20ma.c,106 :: 		SPI1_Write(x);
0x0248	0xF021C01D  	MOVFF       writeSPI_x_L0, FARG_SPI1_Write_data_
0x024C	0xDEE7      	RCALL       _SPI1_Write
;T4a20ma.c,107 :: 		SPI1_Write(y);
0x024E	0xF021C01F  	MOVFF       writeSPI_y_L0, FARG_SPI1_Write_data_
0x0252	0xDEE4      	RCALL       _SPI1_Write
;T4a20ma.c,104 :: 		for(y = 255; y > 0; y--) {
0x0254	0x0E01      	MOVLW       1
0x0256	0x5E1F      	SUBWF       writeSPI_y_L0, 1 
0x0258	0x0E00      	MOVLW       0
0x025A	0x5A20      	SUBWFB      writeSPI_y_L0+1, 1 
;T4a20ma.c,110 :: 		}
0x025C	0xD7EC      	BRA         L_writeSPI24
L_writeSPI25:
;T4a20ma.c,103 :: 		for(x = 255; x > 48; x--) {                                                // Estrutura de repetição para onda senóide (descida)
0x025E	0x0E01      	MOVLW       1
0x0260	0x5E1D      	SUBWF       writeSPI_x_L0, 1 
0x0262	0x0E00      	MOVLW       0
0x0264	0x5A1E      	SUBWFB      writeSPI_x_L0+1, 1 
;T4a20ma.c,111 :: 		}
0x0266	0xD7DA      	BRA         L_writeSPI21
L_writeSPI22:
;T4a20ma.c,113 :: 		Chip_Select = 1;
0x0268	0x8082      	BSF         RC0_bit, BitPos(RC0_bit+0) 
;T4a20ma.c,114 :: 		}
L_end_writeSPI:
0x026A	0x0012      	RETURN      0
; end of _writeSPI
_SPI1_Init:
;__Lib_SPI_c345.c,23 :: 		
;__Lib_SPI_c345.c,24 :: 		
0x026C	0x0EFF      	MOVLW       _SPI1_Read
0x026E	0x6E19      	MOVWF       _SPI_Rd_Ptr 
0x0270	0x0EFF      	MOVLW       hi_addr(_SPI1_Read)
0x0272	0x6E1A      	MOVWF       _SPI_Rd_Ptr+1 
0x0274	0x0EFF      	MOVLW       FARG_SPI1_Read_buffer
0x0276	0x6E1B      	MOVWF       _SPI_Rd_Ptr+2 
0x0278	0x0EFF      	MOVLW       hi_addr(FARG_SPI1_Read_buffer)
0x027A	0x6E1C      	MOVWF       _SPI_Rd_Ptr+3 
;__Lib_SPI_c345.c,25 :: 		
0x027C	0x0E1C      	MOVLW       _SPI1_Write
0x027E	0x6E15      	MOVWF       _SPI_Wr_Ptr 
0x0280	0x0E00      	MOVLW       hi_addr(_SPI1_Write)
0x0282	0x6E16      	MOVWF       _SPI_Wr_Ptr+1 
0x0284	0x0E21      	MOVLW       FARG_SPI1_Write_data_
0x0286	0x6E17      	MOVWF       _SPI_Wr_Ptr+2 
0x0288	0x0E00      	MOVLW       hi_addr(FARG_SPI1_Write_data_)
0x028A	0x6E18      	MOVWF       _SPI_Wr_Ptr+3 
;__Lib_SPI_c345.c,27 :: 		
0x028C	0x9A94      	BCF         TRISC5_bit, BitPos(TRISC5_bit+0) 
;__Lib_SPI_c345.c,28 :: 		
0x028E	0x9694      	BCF         TRISC3_bit, BitPos(TRISC3_bit+0) 
;__Lib_SPI_c345.c,29 :: 		
0x0290	0x8894      	BSF         TRISC4_bit, BitPos(TRISC4_bit+0) 
;__Lib_SPI_c345.c,31 :: 		
0x0292	0x6AC6      	CLRF        SSPCON1 
;__Lib_SPI_c345.c,32 :: 		
0x0294	0x0E40      	MOVLW       64
0x0296	0x6EC7      	MOVWF       SSPSTAT 
;__Lib_SPI_c345.c,33 :: 		
0x0298	0x8AC6      	BSF         SSPCON1, 5 
;__Lib_SPI_c345.c,35 :: 		
L_end_SPI1_Init:
0x029A	0x0012      	RETURN      0
; end of _SPI1_Init
_main:
;T4a20ma.c,116 :: 		void main() {
;T4a20ma.c,118 :: 		Chip_Select = 1;
0x029C	0x8082      	BSF         RC0_bit, BitPos(RC0_bit+0) 
;T4a20ma.c,119 :: 		Chip_Select_Direction = 0;
0x029E	0x9094      	BCF         TRISC0_bit, BitPos(TRISC0_bit+0) 
;T4a20ma.c,120 :: 		SPI1_Init();
0x02A0	0xDFE5      	RCALL       _SPI1_Init
;T4a20ma.c,122 :: 		delay_ms(100);
0x02A2	0x0E82      	MOVLW       130
0x02A4	0x6E0C      	MOVWF       R12, 0
0x02A6	0x0EDD      	MOVLW       221
0x02A8	0x6E0D      	MOVWF       R13, 0
L_main27:
0x02AA	0x2E0D      	DECFSZ      R13, 1, 0
0x02AC	0xD7FE      	BRA         L_main27
0x02AE	0x2E0C      	DECFSZ      R12, 1, 0
0x02B0	0xD7FC      	BRA         L_main27
0x02B2	0x0000      	NOP
0x02B4	0x0000      	NOP
;T4a20ma.c,124 :: 		do{
L_main28:
;T4a20ma.c,125 :: 		writeSPI();
0x02B6	0xDEBB      	RCALL       _writeSPI
;T4a20ma.c,126 :: 		} while(1);
0x02B8	0xD7FE      	BRA         L_main28
;T4a20ma.c,127 :: 		}
L_end_main:
0x02BA	0xD7FF      	BRA         $+0
; end of _main
Symbol List:
//** Routines locations **
//ADDRESS    SIZE    PROCEDURE
//----------------------------------------------
0x001C      [18]    _SPI1_Write
0x002E     [574]    _writeSPI
0x026C      [48]    _SPI1_Init
0x029C      [32]    _main
//** Variables locations ** 
//ADDRESS    SIZE    VARIABLE
//----------------------------------------------
0x0000       [1]    SPI1_Write_tmp_L0
0x0000       [1]    R0
0x0001       [1]    R1
0x0002       [1]    R2
0x0003       [1]    R3
0x0004       [1]    R4
0x0005       [1]    R5
0x0006       [1]    R6
0x0007       [1]    R7
0x0008       [1]    R8
0x0009       [1]    R9
0x000A       [1]    R10
0x000B       [1]    R11
0x000C       [1]    R12
0x000D       [1]    R13
0x000E       [1]    R14
0x000F       [1]    R15
0x0010       [1]    R16
0x0011       [1]    R17
0x0012       [1]    R18
0x0013       [1]    R19
0x0014       [1]    R20
0x0015       [4]    _SPI_Wr_Ptr
0x0019       [4]    _SPI_Rd_Ptr
0x001D       [2]    writeSPI_x_L0
0x001F       [2]    writeSPI_y_L0
0x0021       [1]    FARG_SPI1_Write_data_
0x0F82       [0]    Chip_Select
0x0F82       [0]    RC0_bit
0x0F94       [0]    TRISC0_bit
0x0F94       [0]    Chip_Select_Direction
0x0F94       [0]    TRISC5_bit
0x0F94       [0]    TRISC3_bit
0x0F94       [0]    TRISC4_bit
0x0F9E       [1]    PIR1
0x0FC6       [1]    SSPCON1
0x0FC7       [1]    SSPSTAT
0x0FC9       [1]    SSPBUF
0x0FD8       [1]    STATUS
0x0FD9       [1]    FSR2L
0x0FDA       [1]    FSR2H
0x0FDE       [1]    POSTINC2
0x0FE0       [1]    BSR
0x0FE1       [1]    FSR1L
0x0FE2       [1]    FSR1H
0x0FE4       [1]    PREINC1
0x0FE6       [1]    POSTINC1
0x0FE7       [1]    INDF1
0x0FE8       [1]    WREG
0x0FE9       [1]    FSR0L
0x0FEA       [1]    FSR0H
0x0FEE       [1]    POSTINC0
0x0FF3       [1]    PRODL
0x0FF4       [1]    PRODH
0x0FF5       [1]    TABLAT
0x0FF6       [1]    TBLPTRL
0x0FF7       [1]    TBLPTRH
0x0FF8       [1]    TBLPTRU
